<?xml version="1.0" encoding="UTF-8"?>
<!-- Generated by org.testng.reporters.JUnitReportReporter -->
<testsuite hostname="LAPTOP-G2IDCSU0" failures="0" tests="1" name="hii" time="4.081" errors="0" timestamp="2024-08-03T19:32:02 IST" skipped="0">
  <testcase classname="hii" name="testing" time="4.081"/>
</testsuite> <!-- hii -->
