<?xml version="1.0" encoding="UTF-8"?>
<!-- Generated by org.testng.reporters.JUnitReportReporter -->
<testsuite hostname="LAPTOP-G2IDCSU0" failures="0" tests="1" name="Testcases.TC001_AccountRegistrationTest" time="10.018" errors="0" timestamp="2024-09-09T14:01:23 IST" skipped="0">
  <testcase classname="Testcases.TC001_AccountRegistrationTest" name="verify_Account_registration" time="10.018"/>
</testsuite> <!-- Testcases.TC001_AccountRegistrationTest -->
