<?xml version="1.0" encoding="UTF-8"?>
<!-- Generated by org.testng.reporters.JUnitReportReporter -->
<testsuite hostname="LAPTOP-G2IDCSU0" failures="0" tests="1" name="Testcases.TC002_LoginTest" time="5.209" errors="0" timestamp="2024-09-09T14:01:23 IST" skipped="0">
  <testcase classname="Testcases.TC002_LoginTest" name="verify_Login" time="5.209"/>
</testsuite> <!-- Testcases.TC002_LoginTest -->
